[debug] [2026-04-09T09:59:06.173Z] : 
[debug] [2026-04-09T09:59:06.179Z] : ----------------------------------------------------------------------
[debug] [2026-04-09T09:59:06.181Z] : Command:      C:\Program Files\nodejs\node.exe C:\Users\Hariharan krishnan S\AppData\Roaming\npm\node_modules\zcatalyst-cli\lib\bin\catalyst.js serve
[debug] [2026-04-09T09:59:06.181Z] : CLI Version:  1.25.1
[debug] [2026-04-09T09:59:06.182Z] : Platform:     win32
[debug] [2026-04-09T09:59:06.183Z] : Node Version: v22.22.2
[debug] [2026-04-09T09:59:06.183Z] : Time:         Thu Apr 09 2026 15:29:06 GMT+0530 (India Standard Time)
[debug] [2026-04-09T09:59:06.183Z] : ----------------------------------------------------------------------
[debug] [2026-04-09T09:59:06.183Z] : 
[debug] [2026-04-09T09:59:08.621Z] : > authorizing via signed-in user option
[debug] [2026-04-09T09:59:08.623Z] : > command requires scopes: ["ZohoCatalyst.projects.ALL","ZohoCatalyst.apigateway.apis.READ","ZohoCatalyst.apigateway.READ","ZohoCatalyst.segments.ALL","ZohoCatalyst.cache.READ","ZohoCatalyst.cache.CREATE","ZohoCatalyst.cache.DELETE","ZohoCatalyst.projects.ALL","ZohoCatalyst.cron.ALL","ZohoCatalyst.zcql.CREATE","ZohoCatalyst.projects.users.READ","ZohoCatalyst.projects.users.CREATE","ZohoCatalyst.projects.users.DELETE","ZohoCatalyst.projects.users.UPDATE","ZohoCatalyst.authentication.CREATE","ZohoCatalyst.email.CREATE","ZohoCatalyst.tables.ALL","ZohoCatalyst.tables.rows.ALL","ZohoCatalyst.tables.columns.ALL","ZohoCatalyst.tables.bulk.CREATE","ZohoCatalyst.tables.bulk.READ","ZohoCatalyst.folders.ALL","ZohoCatalyst.files.CREATE","ZohoCatalyst.files.READ","ZohoCatalyst.files.DELETE","ZohoCatalyst.functions.ALL","ZohoCatalyst.functions.EXECUTE","ZohoCatalyst.eventlistners.ALL","ZohoCatalyst.eventlisteners.produce","ZohoCatalyst.security.rules.Read","ZohoCatalyst.security.rules.Update","ZohoCatalyst.notifications.mobile","ZohoCatalyst.notifications.web","ZohoCatalyst.search.READ","ZohoCatalyst.mlkit.READ","QuickML.deployment.READ","ZohoCatalyst.pdfshot.execute","ZohoCatalyst.grid.READ","ZohoCatalyst.grid.terminate","ZohoCatalyst.circuits.execution.DELETE","ZohoCatalyst.circuits.execution.READ","ZohoCatalyst.circuits.execute","ZohoCatalyst.appsail.Read","ZohoCatalyst.jobpool.READ","ZohoCatalyst.job.ALL","ZohoCatalyst.nosql.READ","ZohoCatalyst.nosql.rows.ALL"]
[debug] [2026-04-09T09:59:08.668Z] : >>>> HTTP REQUEST : GET https://api.catalyst.zoho.in/baas/v1/project/31207000000078061 

[debug] [2026-04-09T09:59:08.972Z] : <<<< HTTP RESPONSE : 200
Response Headers: {"server":"ZGS","date":"Thu, 09 Apr 2026 09:59:08 GMT","content-type":"application/vnd.catalyst.v2+json","transfer-encoding":"chunked","connection":"keep-alive","x-content-type-options":"nosniff","cache-control":"private,no-cache,no-store,max-age=0,must-revalidate","pragma":"no-cache","expires":"Thu, 01 Jan 1970 00:00:00 GMT","x-frame-options":"DENY","strict-transport-security":"max-age=64072000; includeSubDomains; preload"}

[debug] [2026-04-09T09:59:08.982Z] : >>>> HTTP REQUEST : GET https://api.catalyst.zoho.in/baas/v1/project/31207000000078061/environment 

[debug] [2026-04-09T09:59:09.042Z] : <<<< HTTP RESPONSE : 200
Response Headers: {"server":"ZGS","date":"Thu, 09 Apr 2026 09:59:08 GMT","content-type":"application/vnd.catalyst.v2+json","transfer-encoding":"chunked","connection":"keep-alive","x-content-type-options":"nosniff","cache-control":"private,no-cache,no-store,max-age=0,must-revalidate","pragma":"no-cache","expires":"Thu, 01 Jan 1970 00:00:00 GMT","x-frame-options":"DENY","strict-transport-security":"max-age=64072000; includeSubDomains; preload"}

[debug] [2026-04-09T09:59:09.417Z] : Build folder already exists, starting cleanup
[debug] [2026-04-09T09:59:09.466Z] : http port : '3000' is not available. Hence port '3001' will be used instead.
[debug] [2026-04-09T09:59:09.487Z] : >>>> HTTP REQUEST : GET https://api.catalyst.zoho.in/baas/get-details 
Query params: {"feature_name":"runtime"}

[debug] [2026-04-09T09:59:09.544Z] : <<<< HTTP RESPONSE : 200
Response Headers: {"server":"ZGS","date":"Thu, 09 Apr 2026 09:59:09 GMT","content-type":"application/vnd.catalyst.v2+json","transfer-encoding":"chunked","connection":"keep-alive","x-content-type-options":"nosniff","cache-control":"private,no-cache,no-store,max-age=0,must-revalidate","pragma":"no-cache","expires":"Thu, 01 Jan 1970 00:00:00 GMT","x-frame-options":"DENY","strict-transport-security":"max-age=64072000; includeSubDomains; preload"}

[debug] [2026-04-09T09:59:09.554Z] : >>>> HTTP REQUEST : GET https://api.catalyst.zoho.in/baas/v1/project/31207000000078061/function 
Query params: {"type":"basicio,event,cron,applogic,integration,browser_logic,job"}

[debug] [2026-04-09T09:59:09.617Z] : <<<< HTTP RESPONSE : 200
Response Headers: {"server":"ZGS","date":"Thu, 09 Apr 2026 09:59:09 GMT","content-type":"application/vnd.catalyst.v2+json","transfer-encoding":"chunked","connection":"keep-alive","x-content-type-options":"nosniff","cache-control":"private,no-cache,no-store,max-age=0,must-revalidate","pragma":"no-cache","expires":"Thu, 01 Jan 1970 00:00:00 GMT","x-frame-options":"DENY","strict-transport-security":"max-age=64072000; includeSubDomains; preload"}

[debug] [2026-04-09T09:59:09.623Z] : unknown eol undefined hence skipping check
[debug] [2026-04-09T09:59:42.931Z] : http port : '5000' is not available. Hence port '5001' will be used instead.
[info] [2026-04-09T09:59:51.175Z] : [react-plugin]: Starting the development server...

[info] [2026-04-09T09:59:51.179Z] : 
[info] [2026-04-09T09:59:51.180Z] : i Client[railway-ticketing-frontend]: Plugin : "zcatalyst-cli-plugin-react" is used for client serve
[info] [2026-04-09T09:59:51.181Z] : 
[debug] [2026-04-09T09:59:57.283Z] : ruok response: 200: OK
[info] [2026-04-09T09:59:57.389Z] : Skipping API Gateway rules
[info] [2026-04-09T09:59:57.398Z] : 
[info] [2026-04-09T09:59:57.399Z] :  >>>>>>>>>>>>> Advanced I/O <<<<<<<<<<< 
[info] [2026-04-09T09:59:57.400Z] : i smart_railway_app_function: http://localhost:3001/server/smart_railway_app_function/
[info] [2026-04-09T09:59:57.401Z] : 
[info] [2026-04-09T09:59:57.401Z] : 
[info] [2026-04-09T09:59:57.403Z] :  >>>>>>>>>>>>> Web Client <<<<<<<<<<<<
[info] [2026-04-09T09:59:57.404Z] : i client[railway-ticketing-frontend]: http://localhost:3001/app/
[info] [2026-04-09T09:59:57.406Z] : 
[info] [2026-04-09T09:59:59.434Z] : [react-plugin]: Compiled successfully!
[info] [2026-04-09T09:59:59.438Z] : [react-plugin]: 
[info] [2026-04-09T09:59:59.439Z] : [react-plugin]: You can now view railway-app in the browser.
[info] [2026-04-09T09:59:59.440Z] : [react-plugin]: 
[info] [2026-04-09T09:59:59.441Z] : [react-plugin]:   Local:            http://localhost:3001/app/
[info] [2026-04-09T09:59:59.441Z] : [react-plugin]:   On Your Network:  http://10.92.241.48:3001/app/
[info] [2026-04-09T09:59:59.441Z] : [react-plugin]: 
[info] [2026-04-09T09:59:59.442Z] : [react-plugin]: Note that the development build is not optimized.
[info] [2026-04-09T09:59:59.442Z] : [react-plugin]: To create a production build, use npm run build.
[info] [2026-04-09T09:59:59.443Z] : [react-plugin]: 
[info] [2026-04-09T10:00:01.160Z] : [1775728801149]  "GET"  "/app/"
[info] [2026-04-09T10:00:01.411Z] : [1775728801407]  "GET"  "/app/static/js/bundle.js"
[info] [2026-04-09T10:00:01.720Z] : [1775728801716]  "GET"  "/app/manifest.json"
[info] [2026-04-09T10:00:01.977Z] : [1775728801976]  "GET"  "/server/smart_railway_app_function/session/validate"
[info] [2026-04-09T10:00:02.364Z] : [1775728802363]  "GET"  "/app/favicon.ico"
[info] [2026-04-09T10:00:02.372Z] : [1775728802371]  "GET"  "/app/logo192.png"
[info] [2026-04-09T10:00:04.060Z] : [1775728804059]  "GET"  "/server/smart_railway_app_function/session/validate"
[info] [2026-04-09T10:00:04.154Z] : [1775728804153]  "GET"  "/app/favicon.ico"
[info] [2026-04-09T10:00:09.158Z] : [1775728809158]  "POST"  "/server/smart_railway_app_function/session/employee/login"
[info] [2026-04-09T10:00:10.558Z] : [1775728810558]  "GET"  "/server/smart_railway_app_function/overview/stats"
[info] [2026-04-09T10:00:10.562Z] : [1775728810562]  "GET"  "/server/smart_railway_app_function/overview/recent-bookings"
[info] [2026-04-09T10:00:10.621Z] : [1775728810620]  "GET"  "/app/favicon.ico"
[info] [2026-04-09T10:00:10.823Z] : [1775728810822]  "GET"  "/server/smart_railway_app_function/overview/stats"
[info] [2026-04-09T10:00:10.886Z] : [1775728810886]  "GET"  "/server/smart_railway_app_function/overview/recent-bookings"
[info] [2026-04-09T10:03:25.100Z] : 
change of services\employee_service.py in smart_railway_app_function detected. Preparing your function, please wait...
[debug] [2026-04-09T10:03:25.113Z] : Python child exit: null, SIGINT
[error] [2026-04-09T10:03:25.316Z] : × An unexpected error has occurred.
[debug] [2026-04-09T10:03:25.322Z] : Error Stack: CatalystError: An unexpected error has occurred.
    at exports.default (C:\Users\Hariharan krishnan S\AppData\Roaming\npm\node_modules\zcatalyst-cli\lib\errorOut.js:13:17)
    at process.<anonymous> (C:\Users\Hariharan krishnan S\AppData\Roaming\npm\node_modules\zcatalyst-cli\lib\bin\catalyst.js:119:28)
    at process.emit (node:events:519:28)
    at process.processEmit [as emit] (C:\Users\Hariharan krishnan S\AppData\Roaming\npm\node_modules\zcatalyst-cli\node_modules\signal-exit\index.js:199:34)
    at emitUnhandledRejection (node:internal/process/promises:252:13)
    at throwUnhandledRejectionsMode (node:internal/process/promises:388:19)
    at processPromiseRejections (node:internal/process/promises:475:17)
    at process.processTicksAndRejections (node:internal/process/task_queues:104:32)
[debug] [2026-04-09T10:03:25.323Z] : Original Error: Error: [Error: EPERM: operation not permitted, unlink 'F:\New Railway Project\.build\functions\smart_railway_app_function\_cffi_backend.cp39-win_amd64.pyd'] {
  errno: -4048,
  code: 'EPERM',
  syscall: 'unlink',
  path: 'F:\\New Railway Project\\.build\\functions\\smart_railway_app_function\\_cffi_backend.cp39-win_amd64.pyd'
}
    at exports.default (C:\Users\Hariharan krishnan S\AppData\Roaming\npm\node_modules\zcatalyst-cli\lib\errorOut.js:15:23)
    at process.<anonymous> (C:\Users\Hariharan krishnan S\AppData\Roaming\npm\node_modules\zcatalyst-cli\lib\bin\catalyst.js:119:28)
    at process.emit (node:events:519:28)
    at process.processEmit [as emit] (C:\Users\Hariharan krishnan S\AppData\Roaming\npm\node_modules\zcatalyst-cli\node_modules\signal-exit\index.js:199:34)
    at emitUnhandledRejection (node:internal/process/promises:252:13)
    at throwUnhandledRejectionsMode (node:internal/process/promises:388:19)
    at processPromiseRejections (node:internal/process/promises:475:17)
    at process.processTicksAndRejections (node:internal/process/task_queues:104:32)
[debug] [2026-04-09T10:03:25.328Z] : Error Status: 500
[info] [2026-04-09T10:03:25.336Z] : Kindly contact Catalyst support [support@zohocatalyst.com] if you need any further assistance
[info] [2026-04-09T10:19:04.116Z] : [1775729944113]  "GET"  "/app/"
[info] [2026-04-09T10:19:04.270Z] : [1775729944270]  "GET"  "/app/static/js/bundle.js"
[info] [2026-04-09T10:19:04.520Z] : [1775729944520]  "GET"  "/server/smart_railway_app_function/session/validate"
[info] [2026-04-09T10:19:04.588Z] : [1775729944586]  "GET"  "/app/manifest.json"
[info] [2026-04-09T10:19:04.978Z] : [1775729944975]  "GET"  "/server/smart_railway_app_function/session/validate"
[info] [2026-04-09T10:19:04.981Z] : [1775729944981]  "GET"  "/app/favicon.ico"
[info] [2026-04-09T10:19:04.986Z] : [1775729944985]  "GET"  "/app/logo192.png"
[info] [2026-04-09T10:19:05.229Z] : [1775729945228]  "GET"  "/app/favicon.ico"
[debug] [2026-04-09T11:13:54.499Z] : 
[debug] [2026-04-09T11:13:54.505Z] : ----------------------------------------------------------------------
[debug] [2026-04-09T11:13:54.505Z] : Command:      C:\Program Files\nodejs\node.exe C:\Users\Hariharan krishnan S\AppData\Roaming\npm\node_modules\zcatalyst-cli\lib\bin\catalyst.js serve
[debug] [2026-04-09T11:13:54.506Z] : CLI Version:  1.25.1
[debug] [2026-04-09T11:13:54.506Z] : Platform:     win32
[debug] [2026-04-09T11:13:54.507Z] : Node Version: v22.22.2
[debug] [2026-04-09T11:13:54.507Z] : Time:         Thu Apr 09 2026 16:43:54 GMT+0530 (India Standard Time)
[debug] [2026-04-09T11:13:54.507Z] : ----------------------------------------------------------------------
[debug] [2026-04-09T11:13:54.507Z] : 
[debug] [2026-04-09T11:13:56.354Z] : > authorizing via signed-in user option
[debug] [2026-04-09T11:13:56.355Z] : > command requires scopes: ["ZohoCatalyst.projects.ALL","ZohoCatalyst.apigateway.apis.READ","ZohoCatalyst.apigateway.READ","ZohoCatalyst.segments.ALL","ZohoCatalyst.cache.READ","ZohoCatalyst.cache.CREATE","ZohoCatalyst.cache.DELETE","ZohoCatalyst.projects.ALL","ZohoCatalyst.cron.ALL","ZohoCatalyst.zcql.CREATE","ZohoCatalyst.projects.users.READ","ZohoCatalyst.projects.users.CREATE","ZohoCatalyst.projects.users.DELETE","ZohoCatalyst.projects.users.UPDATE","ZohoCatalyst.authentication.CREATE","ZohoCatalyst.email.CREATE","ZohoCatalyst.tables.ALL","ZohoCatalyst.tables.rows.ALL","ZohoCatalyst.tables.columns.ALL","ZohoCatalyst.tables.bulk.CREATE","ZohoCatalyst.tables.bulk.READ","ZohoCatalyst.folders.ALL","ZohoCatalyst.files.CREATE","ZohoCatalyst.files.READ","ZohoCatalyst.files.DELETE","ZohoCatalyst.functions.ALL","ZohoCatalyst.functions.EXECUTE","ZohoCatalyst.eventlistners.ALL","ZohoCatalyst.eventlisteners.produce","ZohoCatalyst.security.rules.Read","ZohoCatalyst.security.rules.Update","ZohoCatalyst.notifications.mobile","ZohoCatalyst.notifications.web","ZohoCatalyst.search.READ","ZohoCatalyst.mlkit.READ","QuickML.deployment.READ","ZohoCatalyst.pdfshot.execute","ZohoCatalyst.grid.READ","ZohoCatalyst.grid.terminate","ZohoCatalyst.circuits.execution.DELETE","ZohoCatalyst.circuits.execution.READ","ZohoCatalyst.circuits.execute","ZohoCatalyst.appsail.Read","ZohoCatalyst.jobpool.READ","ZohoCatalyst.job.ALL","ZohoCatalyst.nosql.READ","ZohoCatalyst.nosql.rows.ALL"]
[debug] [2026-04-09T11:13:56.390Z] : > refreshing access token <
[debug] [2026-04-09T11:13:56.393Z] : >>>> HTTP REQUEST : POST https://accounts.zoho.in/oauth/v2/token 
<request body omitted>

[debug] [2026-04-09T11:13:56.708Z] : <<<< HTTP RESPONSE : 200
Response Headers: {"server":"ZGS","date":"Thu, 09 Apr 2026 11:13:56 GMT","content-type":"application/json;charset=UTF-8","content-length":"2523","connection":"keep-alive","cache-control":"no-store","x-content-type-options":"nosniff","pragma":"no-cache","x-frame-options":"SAMEORIGIN","vary":"accept-encoding","content-language":"en-US","strict-transport-security":"max-age=64072000; includeSubDomains; preload"}

[debug] [2026-04-09T11:13:56.731Z] : >>>> HTTP REQUEST : GET https://api.catalyst.zoho.in/baas/v1/project/31207000000078061 

[debug] [2026-04-09T11:13:57.228Z] : <<<< HTTP RESPONSE : 200
Response Headers: {"server":"ZGS","date":"Thu, 09 Apr 2026 11:13:56 GMT","content-type":"application/vnd.catalyst.v2+json","transfer-encoding":"chunked","connection":"keep-alive","x-content-type-options":"nosniff","cache-control":"private,no-cache,no-store,max-age=0,must-revalidate","pragma":"no-cache","expires":"Thu, 01 Jan 1970 00:00:00 GMT","x-frame-options":"DENY","strict-transport-security":"max-age=64072000; includeSubDomains; preload"}

[debug] [2026-04-09T11:13:57.232Z] : >>>> HTTP REQUEST : GET https://api.catalyst.zoho.in/baas/v1/project/31207000000078061/environment 

[debug] [2026-04-09T11:13:57.293Z] : <<<< HTTP RESPONSE : 200
Response Headers: {"server":"ZGS","date":"Thu, 09 Apr 2026 11:13:57 GMT","content-type":"application/vnd.catalyst.v2+json","transfer-encoding":"chunked","connection":"keep-alive","x-content-type-options":"nosniff","cache-control":"private,no-cache,no-store,max-age=0,must-revalidate","pragma":"no-cache","expires":"Thu, 01 Jan 1970 00:00:00 GMT","x-frame-options":"DENY","strict-transport-security":"max-age=64072000; includeSubDomains; preload"}

[debug] [2026-04-09T11:13:57.607Z] : Build folder already exists, starting cleanup
[debug] [2026-04-09T11:13:57.672Z] : http port : '3000' is not available. Hence port '3002' will be used instead.
[debug] [2026-04-09T11:13:57.687Z] : >>>> HTTP REQUEST : GET https://api.catalyst.zoho.in/baas/get-details 
Query params: {"feature_name":"runtime"}

[debug] [2026-04-09T11:13:57.746Z] : <<<< HTTP RESPONSE : 200
Response Headers: {"server":"ZGS","date":"Thu, 09 Apr 2026 11:13:57 GMT","content-type":"application/vnd.catalyst.v2+json","transfer-encoding":"chunked","connection":"keep-alive","x-content-type-options":"nosniff","cache-control":"private,no-cache,no-store,max-age=0,must-revalidate","pragma":"no-cache","expires":"Thu, 01 Jan 1970 00:00:00 GMT","x-frame-options":"DENY","strict-transport-security":"max-age=64072000; includeSubDomains; preload"}

[debug] [2026-04-09T11:13:57.756Z] : >>>> HTTP REQUEST : GET https://api.catalyst.zoho.in/baas/v1/project/31207000000078061/function 
Query params: {"type":"basicio,event,cron,applogic,integration,browser_logic,job"}

[debug] [2026-04-09T11:13:57.823Z] : <<<< HTTP RESPONSE : 200
Response Headers: {"server":"ZGS","date":"Thu, 09 Apr 2026 11:13:57 GMT","content-type":"application/vnd.catalyst.v2+json","transfer-encoding":"chunked","connection":"keep-alive","x-content-type-options":"nosniff","cache-control":"private,no-cache,no-store,max-age=0,must-revalidate","pragma":"no-cache","expires":"Thu, 01 Jan 1970 00:00:00 GMT","x-frame-options":"DENY","strict-transport-security":"max-age=64072000; includeSubDomains; preload"}

[debug] [2026-04-09T11:13:57.829Z] : unknown eol undefined hence skipping check
[debug] [2026-04-09T11:14:24.281Z] : http port : '5000' is not available. Hence port '5002' will be used instead.
[info] [2026-04-09T11:14:32.517Z] : [react-plugin]: Starting the development server...

[info] [2026-04-09T11:14:32.523Z] : 
[info] [2026-04-09T11:14:32.523Z] : i Client[railway-ticketing-frontend]: Plugin : "zcatalyst-cli-plugin-react" is used for client serve
[info] [2026-04-09T11:14:32.524Z] : 
[debug] [2026-04-09T11:14:37.617Z] : ruok response: 200: OK
[info] [2026-04-09T11:14:37.725Z] : Skipping API Gateway rules
[info] [2026-04-09T11:14:37.732Z] : 
[info] [2026-04-09T11:14:37.733Z] :  >>>>>>>>>>>>> Advanced I/O <<<<<<<<<<< 
[info] [2026-04-09T11:14:37.734Z] : i smart_railway_app_function: http://localhost:3002/server/smart_railway_app_function/
[info] [2026-04-09T11:14:37.734Z] : 
[info] [2026-04-09T11:14:37.735Z] : 
[info] [2026-04-09T11:14:37.735Z] :  >>>>>>>>>>>>> Web Client <<<<<<<<<<<<
[info] [2026-04-09T11:14:37.736Z] : i client[railway-ticketing-frontend]: http://localhost:3002/app/
[info] [2026-04-09T11:14:37.736Z] : 
[info] [2026-04-09T11:14:39.723Z] : [react-plugin]: Compiled successfully!
[info] [2026-04-09T11:14:39.723Z] : [react-plugin]: 
[info] [2026-04-09T11:14:39.723Z] : [react-plugin]: You can now view railway-app in the browser.
[info] [2026-04-09T11:14:39.724Z] : [react-plugin]: 
[info] [2026-04-09T11:14:39.724Z] : [react-plugin]:   Local:            http://localhost:3002/app/
[info] [2026-04-09T11:14:39.724Z] : [react-plugin]:   On Your Network:  http://10.92.241.48:3002/app/
[info] [2026-04-09T11:14:39.725Z] : [react-plugin]: 
[info] [2026-04-09T11:14:39.725Z] : [react-plugin]: Note that the development build is not optimized.
[info] [2026-04-09T11:14:39.725Z] : [react-plugin]: To create a production build, use npm run build.
[info] [2026-04-09T11:14:39.725Z] : [react-plugin]: 
[info] [2026-04-09T11:14:41.570Z] : [1775733281565]  "GET"  "/app/"
[info] [2026-04-09T11:14:42.025Z] : [1775733282024]  "GET"  "/app/static/js/bundle.js"
[info] [2026-04-09T11:14:42.337Z] : [1775733282336]  "GET"  "/app/manifest.json"
[info] [2026-04-09T11:14:42.485Z] : [1775733282485]  "GET"  "/server/smart_railway_app_function/session/validate"
[info] [2026-04-09T11:14:42.837Z] : [1775733282837]  "GET"  "/app/favicon.ico"
[info] [2026-04-09T11:14:42.842Z] : [1775733282841]  "GET"  "/app/logo192.png"
[info] [2026-04-09T11:14:44.189Z] : [1775733284189]  "GET"  "/server/smart_railway_app_function/session/validate"
[info] [2026-04-09T11:14:44.283Z] : [1775733284283]  "GET"  "/app/favicon.ico"
[info] [2026-04-09T11:15:03.765Z] : [react-plugin]: Compiling...
[info] [2026-04-09T11:15:03.858Z] : [1775733303856]  "GET"  "/app/"
[info] [2026-04-09T11:15:03.891Z] : [react-plugin]: Compiling...
[info] [2026-04-09T11:15:04.377Z] : [1775733304376]  "GET"  "/app/"
[info] [2026-04-09T11:15:16.320Z] : [react-plugin]: Compiled successfully!
[info] [2026-04-09T11:15:16.340Z] : [react-plugin]: 
[info] [2026-04-09T11:15:16.371Z] : [react-plugin]: You can now view railway-app in the browser.
[info] [2026-04-09T11:15:16.452Z] : [react-plugin]: 
[info] [2026-04-09T11:15:16.500Z] : [react-plugin]:   Local:            http://localhost:3002/app/
[info] [2026-04-09T11:15:16.603Z] : [react-plugin]:   On Your Network:  http://10.92.241.48:3002/app/
[info] [2026-04-09T11:15:16.656Z] : [react-plugin]: 
[info] [2026-04-09T11:15:16.709Z] : [react-plugin]: Note that the development build is not optimized.
[info] [2026-04-09T11:15:16.782Z] : [react-plugin]: To create a production build, use npm run build.
[info] [2026-04-09T11:15:16.872Z] : [react-plugin]: 
[info] [2026-04-09T11:15:17.220Z] : [react-plugin]: Compiling...
[info] [2026-04-09T11:15:17.534Z] : [1775733317520]  "GET"  "/app/static/js/bundle.js"
[info] [2026-04-09T11:15:17.639Z] : [1775733317571]  "GET"  "/app/manifest.json"
[info] [2026-04-09T11:15:18.270Z] : [react-plugin]: Compiled successfully!
[info] [2026-04-09T11:15:18.652Z] : [react-plugin]: Compiled successfully!
[info] [2026-04-09T11:15:18.293Z] : [react-plugin]: 
[info] [2026-04-09T11:15:18.347Z] : [react-plugin]: You can now view railway-app in the browser.
[info] [2026-04-09T11:15:18.388Z] : [react-plugin]: 
[info] [2026-04-09T11:15:18.441Z] : [react-plugin]:   Local:            http://localhost:3001/app/
[info] [2026-04-09T11:15:18.488Z] : [react-plugin]:   On Your Network:  http://10.92.241.48:3001/app/
[info] [2026-04-09T11:15:18.515Z] : [react-plugin]: 
[info] [2026-04-09T11:15:18.567Z] : [react-plugin]: Note that the development build is not optimized.
[info] [2026-04-09T11:15:18.583Z] : [react-plugin]: To create a production build, use npm run build.
[info] [2026-04-09T11:15:18.620Z] : [react-plugin]: 
[info] [2026-04-09T11:15:18.731Z] : [react-plugin]: Compiling...
[info] [2026-04-09T11:15:18.691Z] : [react-plugin]: 
[info] [2026-04-09T11:15:18.751Z] : [react-plugin]: You can now view railway-app in the browser.
[info] [2026-04-09T11:15:18.790Z] : [react-plugin]: 
[info] [2026-04-09T11:15:18.869Z] : [react-plugin]:   Local:            http://localhost:3002/app/
[info] [2026-04-09T11:15:18.961Z] : [react-plugin]:   On Your Network:  http://10.92.241.48:3002/app/
[info] [2026-04-09T11:15:19.042Z] : [react-plugin]: 
[info] [2026-04-09T11:15:19.166Z] : [react-plugin]: Note that the development build is not optimized.
[info] [2026-04-09T11:15:19.298Z] : [react-plugin]: To create a production build, use npm run build.
[info] [2026-04-09T11:15:19.441Z] : [react-plugin]: 
[info] [2026-04-09T11:15:21.629Z] : [react-plugin]: Compiled successfully!
[info] [2026-04-09T11:15:21.784Z] : [react-plugin]: 
[info] [2026-04-09T11:15:21.872Z] : [react-plugin]: You can now view railway-app in the browser.
[info] [2026-04-09T11:15:21.982Z] : [react-plugin]: 
[info] [2026-04-09T11:15:22.077Z] : [react-plugin]:   Local:            http://localhost:3001/app/
[info] [2026-04-09T11:15:22.146Z] : [react-plugin]:   On Your Network:  http://10.92.241.48:3001/app/
[info] [2026-04-09T11:15:22.241Z] : [react-plugin]: 
[info] [2026-04-09T11:15:22.304Z] : [react-plugin]: Note that the development build is not optimized.
[info] [2026-04-09T11:15:22.374Z] : [react-plugin]: To create a production build, use npm run build.
[info] [2026-04-09T11:15:22.425Z] : [react-plugin]: 
[info] [2026-04-09T11:15:35.006Z] : [1775733335005]  "GET"  "/server/smart_railway_app_function/session/validate"
[info] [2026-04-09T11:15:35.088Z] : [1775733335086]  "GET"  "/app/favicon.ico"
[info] [2026-04-09T11:15:35.092Z] : [1775733335091]  "GET"  "/app/logo192.png"
[info] [2026-04-09T11:15:35.269Z] : [1775733335268]  "GET"  "/server/smart_railway_app_function/session/validate"
[info] [2026-04-09T11:16:17.170Z] : 
change of main.py in smart_railway_app_function detected. Preparing your function, please wait...
[debug] [2026-04-09T11:16:17.182Z] : Python child exit: null, SIGINT
[error] [2026-04-09T11:16:17.262Z] : × An unexpected error has occurred.
[debug] [2026-04-09T11:16:17.263Z] : Error Stack: CatalystError: An unexpected error has occurred.
    at exports.default (C:\Users\Hariharan krishnan S\AppData\Roaming\npm\node_modules\zcatalyst-cli\lib\errorOut.js:13:17)
    at process.<anonymous> (C:\Users\Hariharan krishnan S\AppData\Roaming\npm\node_modules\zcatalyst-cli\lib\bin\catalyst.js:119:28)
    at process.emit (node:events:519:28)
    at process.processEmit [as emit] (C:\Users\Hariharan krishnan S\AppData\Roaming\npm\node_modules\zcatalyst-cli\node_modules\signal-exit\index.js:199:34)
    at emitUnhandledRejection (node:internal/process/promises:252:13)
    at throwUnhandledRejectionsMode (node:internal/process/promises:388:19)
    at processPromiseRejections (node:internal/process/promises:475:17)
    at process.processTicksAndRejections (node:internal/process/task_queues:104:32)
[debug] [2026-04-09T11:16:17.264Z] : Original Error: Error: [Error: EPERM: operation not permitted, unlink 'F:\New Railway Project\.build\functions\smart_railway_app_function\81d243bd2c585b0f4821__mypyc.cp39-win_amd64.pyd'] {
  errno: -4048,
  code: 'EPERM',
  syscall: 'unlink',
  path: 'F:\\New Railway Project\\.build\\functions\\smart_railway_app_function\\81d243bd2c585b0f4821__mypyc.cp39-win_amd64.pyd'
}
    at exports.default (C:\Users\Hariharan krishnan S\AppData\Roaming\npm\node_modules\zcatalyst-cli\lib\errorOut.js:15:23)
    at process.<anonymous> (C:\Users\Hariharan krishnan S\AppData\Roaming\npm\node_modules\zcatalyst-cli\lib\bin\catalyst.js:119:28)
    at process.emit (node:events:519:28)
    at process.processEmit [as emit] (C:\Users\Hariharan krishnan S\AppData\Roaming\npm\node_modules\zcatalyst-cli\node_modules\signal-exit\index.js:199:34)
    at emitUnhandledRejection (node:internal/process/promises:252:13)
    at throwUnhandledRejectionsMode (node:internal/process/promises:388:19)
    at processPromiseRejections (node:internal/process/promises:475:17)
    at process.processTicksAndRejections (node:internal/process/task_queues:104:32)
[debug] [2026-04-09T11:16:17.264Z] : Error Status: 500
[info] [2026-04-09T11:16:17.267Z] : Kindly contact Catalyst support [support@zohocatalyst.com] if you need any further assistance
[info] [2026-04-09T11:16:38.814Z] : [1775733398814]  "POST"  "/server/smart_railway_app_function/session/login"
[info] [2026-04-09T11:17:01.004Z] : [1775733421003]  "POST"  "/server/smart_railway_app_function/session/login"
