[debug] [2026-03-22T19:05:12.655Z] : 
[debug] [2026-03-22T19:05:12.662Z] : ----------------------------------------------------------------------
[debug] [2026-03-22T19:05:12.664Z] : Command:      C:\Program Files\nodejs\node.exe C:\Users\Hariharan krishnan S\AppData\Roaming\npm\node_modules\zcatalyst-cli\lib\bin\catalyst.js serve
[debug] [2026-03-22T19:05:12.664Z] : CLI Version:  1.25.0
[debug] [2026-03-22T19:05:12.665Z] : Platform:     win32
[debug] [2026-03-22T19:05:12.665Z] : Node Version: v22.22.1
[debug] [2026-03-22T19:05:12.666Z] : Time:         Mon Mar 23 2026 00:35:12 GMT+0530 (India Standard Time)
[debug] [2026-03-22T19:05:12.666Z] : ----------------------------------------------------------------------
[debug] [2026-03-22T19:05:12.666Z] : 
[debug] [2026-03-22T19:05:15.534Z] : > authorizing via signed-in user option
[debug] [2026-03-22T19:05:15.535Z] : > command requires scopes: ["ZohoCatalyst.projects.ALL","ZohoCatalyst.apigateway.apis.READ","ZohoCatalyst.apigateway.READ","ZohoCatalyst.segments.ALL","ZohoCatalyst.cache.READ","ZohoCatalyst.cache.CREATE","ZohoCatalyst.cache.DELETE","ZohoCatalyst.projects.ALL","ZohoCatalyst.cron.ALL","ZohoCatalyst.zcql.CREATE","ZohoCatalyst.projects.users.READ","ZohoCatalyst.projects.users.CREATE","ZohoCatalyst.projects.users.DELETE","ZohoCatalyst.projects.users.UPDATE","ZohoCatalyst.authentication.CREATE","ZohoCatalyst.email.CREATE","ZohoCatalyst.tables.ALL","ZohoCatalyst.tables.rows.ALL","ZohoCatalyst.tables.columns.ALL","ZohoCatalyst.tables.bulk.CREATE","ZohoCatalyst.tables.bulk.READ","ZohoCatalyst.folders.ALL","ZohoCatalyst.files.CREATE","ZohoCatalyst.files.READ","ZohoCatalyst.files.DELETE","ZohoCatalyst.functions.ALL","ZohoCatalyst.functions.EXECUTE","ZohoCatalyst.eventlistners.ALL","ZohoCatalyst.eventlisteners.produce","ZohoCatalyst.security.rules.Read","ZohoCatalyst.security.rules.Update","ZohoCatalyst.notifications.mobile","ZohoCatalyst.notifications.web","ZohoCatalyst.search.READ","ZohoCatalyst.mlkit.READ","QuickML.deployment.READ","ZohoCatalyst.pdfshot.execute","ZohoCatalyst.grid.READ","ZohoCatalyst.grid.terminate","ZohoCatalyst.circuits.execution.DELETE","ZohoCatalyst.circuits.execution.READ","ZohoCatalyst.circuits.execute","ZohoCatalyst.appsail.Read","ZohoCatalyst.jobpool.READ","ZohoCatalyst.job.ALL","ZohoCatalyst.nosql.READ","ZohoCatalyst.nosql.rows.ALL"]
[debug] [2026-03-22T19:05:15.701Z] : >>>> HTTP REQUEST : GET https://api.catalyst.zoho.in/baas/v1/project/31207000000011084 

[debug] [2026-03-22T19:05:16.226Z] : <<<< HTTP RESPONSE : 200
Response Headers: {"server":"ZGS","date":"Sun, 22 Mar 2026 19:05:15 GMT","content-type":"application/vnd.catalyst.v2+json","transfer-encoding":"chunked","connection":"keep-alive","x-content-type-options":"nosniff","cache-control":"private,no-cache,no-store,max-age=0,must-revalidate","pragma":"no-cache","expires":"Thu, 01 Jan 1970 00:00:00 GMT","x-frame-options":"DENY","strict-transport-security":"max-age=64072000; includeSubDomains; preload"}

[debug] [2026-03-22T19:05:16.236Z] : >>>> HTTP REQUEST : GET https://api.catalyst.zoho.in/baas/v1/project/31207000000011084/environment 

[debug] [2026-03-22T19:05:16.333Z] : <<<< HTTP RESPONSE : 200
Response Headers: {"server":"ZGS","date":"Sun, 22 Mar 2026 19:05:15 GMT","content-type":"application/vnd.catalyst.v2+json","transfer-encoding":"chunked","connection":"keep-alive","x-content-type-options":"nosniff","cache-control":"private,no-cache,no-store,max-age=0,must-revalidate","pragma":"no-cache","expires":"Thu, 01 Jan 1970 00:00:00 GMT","x-frame-options":"DENY","strict-transport-security":"max-age=64072000; includeSubDomains; preload"}

[debug] [2026-03-22T19:05:16.618Z] : Build folder already exists, starting cleanup
[debug] [2026-03-22T19:05:17.045Z] : >>>> HTTP REQUEST : GET https://api.catalyst.zoho.in/baas/get-details 
Query params: {"feature_name":"runtime"}

[debug] [2026-03-22T19:05:17.235Z] : <<<< HTTP RESPONSE : 200
Response Headers: {"server":"ZGS","date":"Sun, 22 Mar 2026 19:05:16 GMT","content-type":"application/vnd.catalyst.v2+json","transfer-encoding":"chunked","connection":"keep-alive","x-content-type-options":"nosniff","cache-control":"private,no-cache,no-store,max-age=0,must-revalidate","pragma":"no-cache","expires":"Thu, 01 Jan 1970 00:00:00 GMT","x-frame-options":"DENY","strict-transport-security":"max-age=64072000; includeSubDomains; preload"}

[debug] [2026-03-22T19:05:17.246Z] : >>>> HTTP REQUEST : GET https://api.catalyst.zoho.in/baas/v1/project/31207000000011084/function 
Query params: {"type":"basicio,event,cron,applogic,integration,browser_logic,job"}

[debug] [2026-03-22T19:05:17.439Z] : <<<< HTTP RESPONSE : 200
Response Headers: {"server":"ZGS","date":"Sun, 22 Mar 2026 19:05:17 GMT","content-type":"application/vnd.catalyst.v2+json","transfer-encoding":"chunked","connection":"keep-alive","x-content-type-options":"nosniff","cache-control":"private,no-cache,no-store,max-age=0,must-revalidate","pragma":"no-cache","expires":"Thu, 01 Jan 1970 00:00:00 GMT","x-frame-options":"DENY","strict-transport-security":"max-age=64072000; includeSubDomains; preload"}

[debug] [2026-03-22T19:05:17.445Z] : unknown eol undefined hence skipping check
[debug] [2026-03-22T19:08:47.238Z] : ruok response: 200: OK
[info] [2026-03-22T19:08:47.415Z] : Skipping API Gateway rules
[info] [2026-03-22T19:08:47.460Z] : 
[info] [2026-03-22T19:08:47.492Z] :  >>>>>>>>>>>>> Advanced I/O <<<<<<<<<<< 
[info] [2026-03-22T19:08:47.513Z] : i catalyst_backend: http://localhost:3000/server/catalyst_backend/
[info] [2026-03-22T19:08:47.556Z] : 
[info] [2026-03-22T19:08:47.566Z] : 
[info] [2026-03-22T19:08:47.576Z] :  >>>>>>>>>>>>> Web Client <<<<<<<<<<<<
[info] [2026-03-22T19:08:47.587Z] : i client[railway-ticketing-frontend]: http://localhost:3000/app/
[info] [2026-03-22T19:08:47.613Z] : 
[info] [2026-03-22T19:09:03.952Z] : [1774206543911]  "GET"  "/"
[info] [2026-03-22T19:09:04.132Z] : [1774206544116]  "GET"  "/app/"
[error] [2026-03-22T19:09:15.782Z] : × Error fetching the resource: Error: EISDIR, read
[debug] [2026-03-22T19:09:15.783Z] : Error: EISDIR, read
    at SendStream.ondirectory (C:\Users\Hariharan krishnan S\AppData\Roaming\npm\node_modules\zcatalyst-cli\node_modules\express\lib\response.js:1072:15)
    at SendStream.emit (node:events:519:28)
    at SendStream.redirect (C:\Users\Hariharan krishnan S\AppData\Roaming\npm\node_modules\zcatalyst-cli\node_modules\send\index.js:475:10)
    at onstat (C:\Users\Hariharan krishnan S\AppData\Roaming\npm\node_modules\zcatalyst-cli\node_modules\send\index.js:722:41)
    at FSReqCallback.oncomplete (node:fs:197:5)
[debug] [2026-03-22T19:09:45.195Z] : Python child exit: 3221225786, null
[info] [2026-03-22T19:10:47.974Z] : [1774206647971]  "POST"  "/server/catalyst_backend/api/auth/register"
[info] [2026-03-22T19:12:27.958Z] : 
change of services\auth_crud_service.py in catalyst_backend detected. Preparing your function, please wait...
[debug] [2026-03-22T19:13:08.397Z] : ruok response: 200: OK
[info] [2026-03-22T19:13:08.499Z] : i AdvancedIO[catalyst_backend]: ready!
[info] [2026-03-22T19:13:08.499Z] : i AdvancedIO[catalyst_backend]: http://localhost:3000/server/catalyst_backend/
[info] [2026-03-22T19:13:27.586Z] : 
change of services\auth_crud_service.py in catalyst_backend detected. Preparing your function, please wait...
[debug] [2026-03-22T19:13:27.828Z] : Python child exit: null, SIGINT
[info] [2026-03-22T19:14:32.518Z] : [1774206872518]  "POST"  "/server/catalyst_backend/api/auth/register"
[debug] [2026-03-22T19:14:48.709Z] : ruok response: 200: OK
[info] [2026-03-22T19:14:48.823Z] : i AdvancedIO[catalyst_backend]: ready!
[info] [2026-03-22T19:14:48.824Z] : i AdvancedIO[catalyst_backend]: http://localhost:3000/server/catalyst_backend/
[info] [2026-03-22T19:14:54.480Z] : [1774206894480]  "GET"  "/server/catalyst_backend/"
[info] [2026-03-22T19:15:01.112Z] : [1774206901111]  "GET"  "/server/catalyst_backend/health"
[info] [2026-03-22T19:15:05.995Z] : 
change of app.py in catalyst_backend detected. Preparing your function, please wait...
[debug] [2026-03-22T19:15:06.040Z] : Python child exit: null, SIGINT
[error] [2026-03-22T19:15:06.386Z] : × An unexpected error has occurred.
[debug] [2026-03-22T19:15:06.386Z] : Error Stack: CatalystError: An unexpected error has occurred.
    at exports.default (C:\Users\Hariharan krishnan S\AppData\Roaming\npm\node_modules\zcatalyst-cli\lib\errorOut.js:13:17)
    at process.<anonymous> (C:\Users\Hariharan krishnan S\AppData\Roaming\npm\node_modules\zcatalyst-cli\lib\bin\catalyst.js:119:28)
    at process.emit (node:events:519:28)
    at process.processEmit [as emit] (C:\Users\Hariharan krishnan S\AppData\Roaming\npm\node_modules\zcatalyst-cli\node_modules\signal-exit\index.js:199:34)
    at emitUnhandledRejection (node:internal/process/promises:252:13)
    at throwUnhandledRejectionsMode (node:internal/process/promises:388:19)
    at processPromiseRejections (node:internal/process/promises:475:17)
    at process.processTicksAndRejections (node:internal/process/task_queues:104:32)
[debug] [2026-03-22T19:15:06.387Z] : Original Error: Error: [Error: EPERM: operation not permitted, unlink 'F:\Railway Project Backend\Catalyst App\.build\functions\catalyst_backend\81d243bd2c585b0f4821__mypyc.cp39-win_amd64.pyd'] {
  errno: -4048,
  code: 'EPERM',
  syscall: 'unlink',
  path: 'F:\\Railway Project Backend\\Catalyst App\\.build\\functions\\catalyst_backend\\81d243bd2c585b0f4821__mypyc.cp39-win_amd64.pyd'
}
    at exports.default (C:\Users\Hariharan krishnan S\AppData\Roaming\npm\node_modules\zcatalyst-cli\lib\errorOut.js:15:23)
    at process.<anonymous> (C:\Users\Hariharan krishnan S\AppData\Roaming\npm\node_modules\zcatalyst-cli\lib\bin\catalyst.js:119:28)
    at process.emit (node:events:519:28)
    at process.processEmit [as emit] (C:\Users\Hariharan krishnan S\AppData\Roaming\npm\node_modules\zcatalyst-cli\node_modules\signal-exit\index.js:199:34)
    at emitUnhandledRejection (node:internal/process/promises:252:13)
    at throwUnhandledRejectionsMode (node:internal/process/promises:388:19)
    at processPromiseRejections (node:internal/process/promises:475:17)
    at process.processTicksAndRejections (node:internal/process/task_queues:104:32)
[debug] [2026-03-22T19:15:06.387Z] : Error Status: 500
[info] [2026-03-22T19:15:06.444Z] : Kindly contact Catalyst support [support@zohocatalyst.com] if you need any further assistance
[info] [2026-03-22T19:15:07.028Z] : [1774206907027]  "GET"  "/server/catalyst_backend/api/health"
[info] [2026-03-22T19:16:07.778Z] : [1774206967777]  "POST"  "/server/catalyst_backend/api/auth/register"
[info] [2026-03-22T19:16:10.319Z] : [1774206970317]  "POST"  "/server/catalyst_backend/api/auth/register"
[info] [2026-03-22T19:16:14.629Z] : [1774206974628]  "POST"  "/server/catalyst_backend/api/auth/register"
[info] [2026-03-22T19:16:18.232Z] : [1774206978231]  "GET"  "/app/"
[error] [2026-03-22T19:16:18.299Z] : × Error fetching the resource: Error: EISDIR, read
[debug] [2026-03-22T19:16:18.299Z] : Error: EISDIR, read
    at SendStream.ondirectory (C:\Users\Hariharan krishnan S\AppData\Roaming\npm\node_modules\zcatalyst-cli\node_modules\express\lib\response.js:1072:15)
    at SendStream.emit (node:events:519:28)
    at SendStream.redirect (C:\Users\Hariharan krishnan S\AppData\Roaming\npm\node_modules\zcatalyst-cli\node_modules\send\index.js:475:10)
    at onstat (C:\Users\Hariharan krishnan S\AppData\Roaming\npm\node_modules\zcatalyst-cli\node_modules\send\index.js:722:41)
    at FSReqCallback.oncomplete (node:fs:197:5)
[info] [2026-03-22T19:16:48.556Z] : [1774207008550]  "GET"  "/server/catalyst_backend/api/health"
[info] [2026-03-22T19:16:55.817Z] : [1774207015817]  "POST"  "/server/catalyst_backend/api/health"
[info] [2026-03-22T19:21:21.657Z] : [1774207281657]  "GET"  "/server/catalyst_backend/api/health"
[info] [2026-03-22T19:24:39.406Z] : [1774207479398]  "GET"  "/server/catalyst_backend/api/health"
[info] [2026-03-22T19:27:12.395Z] : [1774207632366]  "GET"  "/server/catalyst_backend/api/health"
[info] [2026-03-22T19:27:14.984Z] : [1774207634977]  "GET"  "/server/catalyst_backend/api/health"
[info] [2026-03-22T19:28:06.210Z] : [1774207686207]  "POST"  "/server/catalyst_backend/api/health"
[info] [2026-03-22T19:28:11.001Z] : [1774207691000]  "GET"  "/server/catalyst_backend/api/health"
